C:\Users\varun.sridhar\source\repos\Angular\Angular\src\app\app.component.js
C:\Users\varun.sridhar\source\repos\Angular\Angular\src\app\app.component.js.map
C:\Users\varun.sridhar\source\repos\Angular\Angular\src\app\employee\employee.component.js
C:\Users\varun.sridhar\source\repos\Angular\Angular\src\app\employee\employee.component.js.map
C:\Users\varun.sridhar\source\repos\Angular\Angular\src\app\employee\employee.js
C:\Users\varun.sridhar\source\repos\Angular\Angular\src\app\employee\employee.js.map
C:\Users\varun.sridhar\source\repos\Angular\Angular\src\app\employee\employee.service.js
C:\Users\varun.sridhar\source\repos\Angular\Angular\src\app\employee\employee.service.js.map
C:\Users\varun.sridhar\source\repos\Angular\Angular\src\app\employee\employeeList.component.js
C:\Users\varun.sridhar\source\repos\Angular\Angular\src\app\employee\employeeList.component.js.map
C:\Users\varun.sridhar\source\repos\Angular\Angular\src\app\employee\employeeCount.component.js
C:\Users\varun.sridhar\source\repos\Angular\Angular\src\app\employee\employeeCount.component.js.map
C:\Users\varun.sridhar\source\repos\Angular\Angular\src\app\score\score.js
C:\Users\varun.sridhar\source\repos\Angular\Angular\src\app\score\score.js.map
C:\Users\varun.sridhar\source\repos\Angular\Angular\src\app\score\score.service.js
C:\Users\varun.sridhar\source\repos\Angular\Angular\src\app\score\score.service.js.map
C:\Users\varun.sridhar\source\repos\Angular\Angular\src\app\score\scoreList.component.js
C:\Users\varun.sridhar\source\repos\Angular\Angular\src\app\score\scoreList.component.js.map
C:\Users\varun.sridhar\source\repos\Angular\Angular\src\app\app.module.js
C:\Users\varun.sridhar\source\repos\Angular\Angular\src\app\app.module.js.map
C:\Users\varun.sridhar\source\repos\Angular\Angular\src\main.js
C:\Users\varun.sridhar\source\repos\Angular\Angular\src\main.js.map
C:\Users\varun.sridhar\source\repos\Angular\Angular\src\app\app.component.spec.js
C:\Users\varun.sridhar\source\repos\Angular\Angular\src\app\app.component.spec.js.map
C:\Users\varun.sridhar\source\repos\Angular\Angular\src\app\score.service.js
C:\Users\varun.sridhar\source\repos\Angular\Angular\src\app\score.service.js.map
